C:\Users\mukrvovc\source\repos\LOL.Api\LOL.Api\ClientApp\dist\out-tsc\app\core\constants\routeConstants.js
C:\Users\mukrvovc\source\repos\LOL.Api\LOL.Api\ClientApp\dist\out-tsc\app\core\constants\routeConstants.js.map
C:\Users\mukrvovc\source\repos\LOL.Api\LOL.Api\ClientApp\dist\out-tsc\app\core\interactionDialog\attentionTypes.js
C:\Users\mukrvovc\source\repos\LOL.Api\LOL.Api\ClientApp\dist\out-tsc\app\core\interactionDialog\attentionTypes.js.map
C:\Users\mukrvovc\source\repos\LOL.Api\LOL.Api\ClientApp\dist\out-tsc\app\core\interactionDialog\interactionDialogOptions.js
C:\Users\mukrvovc\source\repos\LOL.Api\LOL.Api\ClientApp\dist\out-tsc\app\core\interactionDialog\interactionDialogOptions.js.map
C:\Users\mukrvovc\source\repos\LOL.Api\LOL.Api\ClientApp\dist\out-tsc\app\core\models\chempion.js
C:\Users\mukrvovc\source\repos\LOL.Api\LOL.Api\ClientApp\dist\out-tsc\app\core\models\chempion.js.map
C:\Users\mukrvovc\source\repos\LOL.Api\LOL.Api\ClientApp\dist\out-tsc\app\core\models\role.js
C:\Users\mukrvovc\source\repos\LOL.Api\LOL.Api\ClientApp\dist\out-tsc\app\core\models\role.js.map
C:\Users\mukrvovc\source\repos\LOL.Api\LOL.Api\ClientApp\dist\out-tsc\environments\environment.js
C:\Users\mukrvovc\source\repos\LOL.Api\LOL.Api\ClientApp\dist\out-tsc\environments\environment.js.map
C:\Users\mukrvovc\source\repos\LOL.Api\LOL.Api\ClientApp\dist\out-tsc\app\shared\services\chempion.service.js
C:\Users\mukrvovc\source\repos\LOL.Api\LOL.Api\ClientApp\dist\out-tsc\app\shared\services\chempion.service.js.map
C:\Users\mukrvovc\source\repos\LOL.Api\LOL.Api\ClientApp\dist\out-tsc\app\shared\services\dictionaries.service.js
C:\Users\mukrvovc\source\repos\LOL.Api\LOL.Api\ClientApp\dist\out-tsc\app\shared\services\dictionaries.service.js.map
C:\Users\mukrvovc\source\repos\LOL.Api\LOL.Api\ClientApp\dist\out-tsc\app\shared\services\snack-bar-service.js
C:\Users\mukrvovc\source\repos\LOL.Api\LOL.Api\ClientApp\dist\out-tsc\app\shared\services\snack-bar-service.js.map
C:\Users\mukrvovc\source\repos\LOL.Api\LOL.Api\ClientApp\dist\out-tsc\app\shared\dialogs\chempion-dialog\chempion-dialog.component.js
C:\Users\mukrvovc\source\repos\LOL.Api\LOL.Api\ClientApp\dist\out-tsc\app\shared\dialogs\chempion-dialog\chempion-dialog.component.js.map
C:\Users\mukrvovc\source\repos\LOL.Api\LOL.Api\ClientApp\dist\out-tsc\app\shared\services\chempion-dialog.service.js
C:\Users\mukrvovc\source\repos\LOL.Api\LOL.Api\ClientApp\dist\out-tsc\app\shared\services\chempion-dialog.service.js.map
C:\Users\mukrvovc\source\repos\LOL.Api\LOL.Api\ClientApp\dist\out-tsc\app\shared\services\common.service.js
C:\Users\mukrvovc\source\repos\LOL.Api\LOL.Api\ClientApp\dist\out-tsc\app\shared\services\common.service.js.map
C:\Users\mukrvovc\source\repos\LOL.Api\LOL.Api\ClientApp\dist\out-tsc\app\shared\dialogs\interaction-dialog\interaction-dialog.component.js
C:\Users\mukrvovc\source\repos\LOL.Api\LOL.Api\ClientApp\dist\out-tsc\app\shared\dialogs\interaction-dialog\interaction-dialog.component.js.map
C:\Users\mukrvovc\source\repos\LOL.Api\LOL.Api\ClientApp\dist\out-tsc\app\shared\services\interaction-dialog.service.js
C:\Users\mukrvovc\source\repos\LOL.Api\LOL.Api\ClientApp\dist\out-tsc\app\shared\services\interaction-dialog.service.js.map
C:\Users\mukrvovc\source\repos\LOL.Api\LOL.Api\ClientApp\dist\out-tsc\app\pages\chempions-list\chempions-list.component.js
C:\Users\mukrvovc\source\repos\LOL.Api\LOL.Api\ClientApp\dist\out-tsc\app\pages\chempions-list\chempions-list.component.js.map
C:\Users\mukrvovc\source\repos\LOL.Api\LOL.Api\ClientApp\dist\out-tsc\app\core\models\item.js
C:\Users\mukrvovc\source\repos\LOL.Api\LOL.Api\ClientApp\dist\out-tsc\app\core\models\item.js.map
C:\Users\mukrvovc\source\repos\LOL.Api\LOL.Api\ClientApp\dist\out-tsc\app\shared\services\item.service.js
C:\Users\mukrvovc\source\repos\LOL.Api\LOL.Api\ClientApp\dist\out-tsc\app\shared\services\item.service.js.map
C:\Users\mukrvovc\source\repos\LOL.Api\LOL.Api\ClientApp\dist\out-tsc\app\shared\dialogs\item-dialog\item-dialog.component.js
C:\Users\mukrvovc\source\repos\LOL.Api\LOL.Api\ClientApp\dist\out-tsc\app\shared\dialogs\item-dialog\item-dialog.component.js.map
C:\Users\mukrvovc\source\repos\LOL.Api\LOL.Api\ClientApp\dist\out-tsc\app\shared\services\item-dialog.service.js
C:\Users\mukrvovc\source\repos\LOL.Api\LOL.Api\ClientApp\dist\out-tsc\app\shared\services\item-dialog.service.js.map
C:\Users\mukrvovc\source\repos\LOL.Api\LOL.Api\ClientApp\dist\out-tsc\app\pages\items-list\items-list.component.js
C:\Users\mukrvovc\source\repos\LOL.Api\LOL.Api\ClientApp\dist\out-tsc\app\pages\items-list\items-list.component.js.map
C:\Users\mukrvovc\source\repos\LOL.Api\LOL.Api\ClientApp\dist\out-tsc\app\core\models\team.js
C:\Users\mukrvovc\source\repos\LOL.Api\LOL.Api\ClientApp\dist\out-tsc\app\core\models\team.js.map
C:\Users\mukrvovc\source\repos\LOL.Api\LOL.Api\ClientApp\dist\out-tsc\app\core\models\tournament.js
C:\Users\mukrvovc\source\repos\LOL.Api\LOL.Api\ClientApp\dist\out-tsc\app\core\models\tournament.js.map
C:\Users\mukrvovc\source\repos\LOL.Api\LOL.Api\ClientApp\dist\out-tsc\app\shared\services\team.service.js
C:\Users\mukrvovc\source\repos\LOL.Api\LOL.Api\ClientApp\dist\out-tsc\app\shared\services\team.service.js.map
C:\Users\mukrvovc\source\repos\LOL.Api\LOL.Api\ClientApp\dist\out-tsc\app\shared\services\tournament.service.js
C:\Users\mukrvovc\source\repos\LOL.Api\LOL.Api\ClientApp\dist\out-tsc\app\shared\services\tournament.service.js.map
C:\Users\mukrvovc\source\repos\LOL.Api\LOL.Api\ClientApp\dist\out-tsc\app\shared\dialogs\team-dialog\team-dialog.component.js
C:\Users\mukrvovc\source\repos\LOL.Api\LOL.Api\ClientApp\dist\out-tsc\app\shared\dialogs\team-dialog\team-dialog.component.js.map
C:\Users\mukrvovc\source\repos\LOL.Api\LOL.Api\ClientApp\dist\out-tsc\app\shared\services\team-dialog.service.js
C:\Users\mukrvovc\source\repos\LOL.Api\LOL.Api\ClientApp\dist\out-tsc\app\shared\services\team-dialog.service.js.map
C:\Users\mukrvovc\source\repos\LOL.Api\LOL.Api\ClientApp\dist\out-tsc\app\pages\teams-list\teams-list.component.js
C:\Users\mukrvovc\source\repos\LOL.Api\LOL.Api\ClientApp\dist\out-tsc\app\pages\teams-list\teams-list.component.js.map
C:\Users\mukrvovc\source\repos\LOL.Api\LOL.Api\ClientApp\dist\out-tsc\app\shared\dialogs\tournament-dialog\tournament-dialog.component.js
C:\Users\mukrvovc\source\repos\LOL.Api\LOL.Api\ClientApp\dist\out-tsc\app\shared\dialogs\tournament-dialog\tournament-dialog.component.js.map
C:\Users\mukrvovc\source\repos\LOL.Api\LOL.Api\ClientApp\dist\out-tsc\app\shared\services\tournament-dialog.service.js
C:\Users\mukrvovc\source\repos\LOL.Api\LOL.Api\ClientApp\dist\out-tsc\app\shared\services\tournament-dialog.service.js.map
C:\Users\mukrvovc\source\repos\LOL.Api\LOL.Api\ClientApp\dist\out-tsc\app\pages\tournaments-list\tournaments-list.component.js
C:\Users\mukrvovc\source\repos\LOL.Api\LOL.Api\ClientApp\dist\out-tsc\app\pages\tournaments-list\tournaments-list.component.js.map
C:\Users\mukrvovc\source\repos\LOL.Api\LOL.Api\ClientApp\dist\out-tsc\app\app-routing.module.js
C:\Users\mukrvovc\source\repos\LOL.Api\LOL.Api\ClientApp\dist\out-tsc\app\app-routing.module.js.map
C:\Users\mukrvovc\source\repos\LOL.Api\LOL.Api\ClientApp\dist\out-tsc\app\app.component.js
C:\Users\mukrvovc\source\repos\LOL.Api\LOL.Api\ClientApp\dist\out-tsc\app\app.component.js.map
C:\Users\mukrvovc\source\repos\LOL.Api\LOL.Api\ClientApp\dist\out-tsc\app\pages\main-layout\main-layout.component.js
C:\Users\mukrvovc\source\repos\LOL.Api\LOL.Api\ClientApp\dist\out-tsc\app\pages\main-layout\main-layout.component.js.map
C:\Users\mukrvovc\source\repos\LOL.Api\LOL.Api\ClientApp\dist\out-tsc\app\app.module.js
C:\Users\mukrvovc\source\repos\LOL.Api\LOL.Api\ClientApp\dist\out-tsc\app\app.module.js.map
C:\Users\mukrvovc\source\repos\LOL.Api\LOL.Api\ClientApp\dist\out-tsc\main.js
C:\Users\mukrvovc\source\repos\LOL.Api\LOL.Api\ClientApp\dist\out-tsc\main.js.map
C:\Users\mukrvovc\source\repos\LOL.Api\LOL.Api\ClientApp\dist\out-tsc\polyfills.js
C:\Users\mukrvovc\source\repos\LOL.Api\LOL.Api\ClientApp\dist\out-tsc\polyfills.js.map
C:\Users\mukrvovc\source\repos\LOL.Api\LOL.Api\ClientApp\dist\out-tsc\test.js
C:\Users\mukrvovc\source\repos\LOL.Api\LOL.Api\ClientApp\dist\out-tsc\test.js.map
C:\Users\mukrvovc\source\repos\LOL.Api\LOL.Api\ClientApp\dist\out-tsc\app\app.component.spec.js
C:\Users\mukrvovc\source\repos\LOL.Api\LOL.Api\ClientApp\dist\out-tsc\app\app.component.spec.js.map
C:\Users\mukrvovc\source\repos\LOL.Api\LOL.Api\ClientApp\dist\out-tsc\app\pages\chempions-list\chempions-list.component.spec.js
C:\Users\mukrvovc\source\repos\LOL.Api\LOL.Api\ClientApp\dist\out-tsc\app\pages\chempions-list\chempions-list.component.spec.js.map
C:\Users\mukrvovc\source\repos\LOL.Api\LOL.Api\ClientApp\dist\out-tsc\app\pages\items-list\items-list.component.spec.js
C:\Users\mukrvovc\source\repos\LOL.Api\LOL.Api\ClientApp\dist\out-tsc\app\pages\items-list\items-list.component.spec.js.map
C:\Users\mukrvovc\source\repos\LOL.Api\LOL.Api\ClientApp\dist\out-tsc\app\pages\main-layout\main-layout.component.spec.js
C:\Users\mukrvovc\source\repos\LOL.Api\LOL.Api\ClientApp\dist\out-tsc\app\pages\main-layout\main-layout.component.spec.js.map
C:\Users\mukrvovc\source\repos\LOL.Api\LOL.Api\ClientApp\dist\out-tsc\app\pages\teams-list\teams-list.component.spec.js
C:\Users\mukrvovc\source\repos\LOL.Api\LOL.Api\ClientApp\dist\out-tsc\app\pages\teams-list\teams-list.component.spec.js.map
C:\Users\mukrvovc\source\repos\LOL.Api\LOL.Api\ClientApp\dist\out-tsc\app\pages\tournaments-list\tournaments-list.component.spec.js
C:\Users\mukrvovc\source\repos\LOL.Api\LOL.Api\ClientApp\dist\out-tsc\app\pages\tournaments-list\tournaments-list.component.spec.js.map
C:\Users\mukrvovc\source\repos\LOL.Api\LOL.Api\ClientApp\dist\out-tsc\app\shared\dialogs\chempion-dialog\chempion-dialog.component.spec.js
C:\Users\mukrvovc\source\repos\LOL.Api\LOL.Api\ClientApp\dist\out-tsc\app\shared\dialogs\chempion-dialog\chempion-dialog.component.spec.js.map
C:\Users\mukrvovc\source\repos\LOL.Api\LOL.Api\ClientApp\dist\out-tsc\app\shared\dialogs\interaction-dialog\interaction-dialog.component.spec.js
C:\Users\mukrvovc\source\repos\LOL.Api\LOL.Api\ClientApp\dist\out-tsc\app\shared\dialogs\interaction-dialog\interaction-dialog.component.spec.js.map
C:\Users\mukrvovc\source\repos\LOL.Api\LOL.Api\ClientApp\dist\out-tsc\app\shared\dialogs\item-dialog\item-dialog.component.spec.js
C:\Users\mukrvovc\source\repos\LOL.Api\LOL.Api\ClientApp\dist\out-tsc\app\shared\dialogs\item-dialog\item-dialog.component.spec.js.map
C:\Users\mukrvovc\source\repos\LOL.Api\LOL.Api\ClientApp\dist\out-tsc\app\shared\dialogs\team-dialog\team-dialog.component.spec.js
C:\Users\mukrvovc\source\repos\LOL.Api\LOL.Api\ClientApp\dist\out-tsc\app\shared\dialogs\team-dialog\team-dialog.component.spec.js.map
C:\Users\mukrvovc\source\repos\LOL.Api\LOL.Api\ClientApp\dist\out-tsc\app\shared\dialogs\tournament-dialog\tournament-dialog.component.spec.js
C:\Users\mukrvovc\source\repos\LOL.Api\LOL.Api\ClientApp\dist\out-tsc\app\shared\dialogs\tournament-dialog\tournament-dialog.component.spec.js.map
C:\Users\mukrvovc\source\repos\LOL.Api\LOL.Api\ClientApp\dist\out-tsc\environments\environment.prod.js
C:\Users\mukrvovc\source\repos\LOL.Api\LOL.Api\ClientApp\dist\out-tsc\environments\environment.prod.js.map
